This is pdfTeX, Version 3.1415926-2.3-1.40.12 (MiKTeX 2.9) (preloaded format=pdflatex 2012.2.12)  13 MAY 2012 23:39
entering extended mode
**C:/Users/daddy/Dropbox/Princeton*Classes/Junior*Year/Second*Semester/COS340/M
idterm*2/Midterm_2.tex

("C:/Users/daddy/Dropbox/Princeton Classes/Junior Year/Second Semester/COS340/M
idterm 2/Midterm_2.tex"
LaTeX2e <2009/09/24>
Babel <v3.8l> and hyphenation patterns for english, afrikaans, ancientgreek, ar
abic, armenian, assamese, basque, bengali, bokmal, bulgarian, catalan, coptic, 
croatian, czech, danish, dutch, esperanto, estonian, farsi, finnish, french, ga
lician, german, german-x-2009-06-19, greek, gujarati, hindi, hungarian, iceland
ic, indonesian, interlingua, irish, italian, kannada, kurmanji, lao, latin, lat
vian, lithuanian, malayalam, marathi, mongolian, mongolianlmc, monogreek, ngerm
an, ngerman-x-2009-06-19, nynorsk, oriya, panjabi, pinyin, polish, portuguese, 
romanian, russian, sanskrit, serbian, slovak, slovenian, spanish, swedish, swis
sgerman, tamil, telugu, turkish, turkmen, ukenglish, ukrainian, uppersorbian, u
senglishmax, welsh, loaded.
("C:\Program Files (x86)\MiKTeX 2.9\tex\latex\base\article.cls"
Document Class: article 2007/10/19 v1.4h Standard LaTeX document class
("C:\Program Files (x86)\MiKTeX 2.9\tex\latex\base\size10.clo"
File: size10.clo 2007/10/19 v1.4h Standard LaTeX file (size option)
)
\c@part=\count79
\c@section=\count80
\c@subsection=\count81
\c@subsubsection=\count82
\c@paragraph=\count83
\c@subparagraph=\count84
\c@figure=\count85
\c@table=\count86
\abovecaptionskip=\skip41
\belowcaptionskip=\skip42
\bibindent=\dimen102
)
("C:\Program Files (x86)\MiKTeX 2.9\tex\latex\base\fontenc.sty"
Package: fontenc 2005/09/27 v1.99g Standard LaTeX package

("C:\Program Files (x86)\MiKTeX 2.9\tex\latex\base\t1enc.def"
File: t1enc.def 2005/09/27 v1.99g Standard LaTeX file
LaTeX Font Info:    Redeclaring font encoding T1 on input line 43.
))
("C:\Program Files (x86)\MiKTeX 2.9\tex\latex\base\inputenc.sty"
Package: inputenc 2008/03/30 v1.1d Input encoding file
\inpenc@prehook=\toks14
\inpenc@posthook=\toks15

("C:\Program Files (x86)\MiKTeX 2.9\tex\latex\base\latin9.def"
File: latin9.def 2008/03/30 v1.1d Input encoding file
))
("C:\Program Files (x86)\MiKTeX 2.9\tex\latex\geometry\geometry.sty"
Package: geometry 2010/09/12 v5.6 Page Geometry

("C:\Program Files (x86)\MiKTeX 2.9\tex\latex\graphics\keyval.sty"
Package: keyval 1999/03/16 v1.13 key=value parser (DPC)
\KV@toks@=\toks16
)
("C:\Program Files (x86)\MiKTeX 2.9\tex\generic\oberdiek\ifpdf.sty"
Package: ifpdf 2011/01/30 v2.3 Provides the ifpdf switch (HO)
Package ifpdf Info: pdfTeX in PDF mode is detected.
)
("C:\Program Files (x86)\MiKTeX 2.9\tex\generic\oberdiek\ifvtex.sty"
Package: ifvtex 2010/03/01 v1.5 Switches for detecting VTeX and its modes (HO)
Package ifvtex Info: VTeX not detected.
)
("C:\Program Files (x86)\MiKTeX 2.9\tex\generic\ifxetex\ifxetex.sty"
Package: ifxetex 2010/09/12 v0.6 Provides ifxetex conditional
)
\Gm@cnth=\count87
\Gm@cntv=\count88
\c@Gm@tempcnt=\count89
\Gm@bindingoffset=\dimen103
\Gm@wd@mp=\dimen104
\Gm@odd@mp=\dimen105
\Gm@even@mp=\dimen106
\Gm@layoutwidth=\dimen107
\Gm@layoutheight=\dimen108
\Gm@layouthoffset=\dimen109
\Gm@layoutvoffset=\dimen110
\Gm@dimlist=\toks17

("C:\Program Files (x86)\MiKTeX 2.9\tex\latex\geometry\geometry.cfg"))
("C:\Program Files (x86)\MiKTeX 2.9\tex\latex\graphics\graphicx.sty"
Package: graphicx 1999/02/16 v1.0f Enhanced LaTeX Graphics (DPC,SPQR)

("C:\Program Files (x86)\MiKTeX 2.9\tex\latex\graphics\graphics.sty"
Package: graphics 2009/02/05 v1.0o Standard LaTeX Graphics (DPC,SPQR)

("C:\Program Files (x86)\MiKTeX 2.9\tex\latex\graphics\trig.sty"
Package: trig 1999/03/16 v1.09 sin cos tan (DPC)
)
("C:\Program Files (x86)\MiKTeX 2.9\tex\latex\00miktex\graphics.cfg"
File: graphics.cfg 2007/01/18 v1.5 graphics configuration of teTeX/TeXLive
)
Package graphics Info: Driver file: pdftex.def on input line 91.

("C:\Program Files (x86)\MiKTeX 2.9\tex\latex\pdftex-def\pdftex.def"
File: pdftex.def 2011/05/27 v0.06d Graphics/color for pdfTeX

("C:\Program Files (x86)\MiKTeX 2.9\tex\generic\oberdiek\infwarerr.sty"
Package: infwarerr 2010/04/08 v1.3 Providing info/warning/message (HO)
)
("C:\Program Files (x86)\MiKTeX 2.9\tex\generic\oberdiek\ltxcmds.sty"
Package: ltxcmds 2011/04/18 v1.20 LaTeX kernel commands for general use (HO)
)
\Gread@gobject=\count90
))
\Gin@req@height=\dimen111
\Gin@req@width=\dimen112
)
("C:\Program Files (x86)\MiKTeX 2.9\tex\generic\babel\babel.sty"
Package: babel 2008/07/06 v3.8l The Babel package

*************************************
* Local config file bblopts.cfg used
*
("C:\Program Files (x86)\MiKTeX 2.9\tex\latex\00miktex\bblopts.cfg"
File: bblopts.cfg 2006/07/31 v1.0 MiKTeX 'babel' configuration
)
("C:\Program Files (x86)\MiKTeX 2.9\tex\generic\babel\english.ldf"
Language: english 2005/03/30 v3.3o English support from the babel system

("C:\Program Files (x86)\MiKTeX 2.9\tex\generic\babel\babel.def"
File: babel.def 2008/07/06 v3.8l Babel common definitions
\babel@savecnt=\count91
\U@D=\dimen113
)
\l@canadian = a dialect from \language\l@american 
\l@australian = a dialect from \language\l@british 
\l@newzealand = a dialect from \language\l@british 
))
("C:\Users\daddy\Dropbox\Princeton Classes\Junior Year\Second Semester\COS340\M
idterm 2\Midterm_2.aux")
LaTeX Font Info:    Checking defaults for OML/cmm/m/it on input line 19.
LaTeX Font Info:    ... okay on input line 19.
LaTeX Font Info:    Checking defaults for T1/cmr/m/n on input line 19.
LaTeX Font Info:    ... okay on input line 19.
LaTeX Font Info:    Checking defaults for OT1/cmr/m/n on input line 19.
LaTeX Font Info:    ... okay on input line 19.
LaTeX Font Info:    Checking defaults for OMS/cmsy/m/n on input line 19.
LaTeX Font Info:    ... okay on input line 19.
LaTeX Font Info:    Checking defaults for OMX/cmex/m/n on input line 19.
LaTeX Font Info:    ... okay on input line 19.
LaTeX Font Info:    Checking defaults for U/cmr/m/n on input line 19.
LaTeX Font Info:    ... okay on input line 19.

*geometry* driver: auto-detecting
*geometry* detected driver: pdftex

Package geometry Warning: The marginal notes overrun the paper.
     Add 3.73001pt and more to the right margin.

*geometry* verbose mode - [ preamble ] result:
* driver: pdftex
* paper: <default>
* layout: <same size as paper>
* layoutoffset:(h,v)=(0.0pt,0.0pt)
* modes: 
* h-part:(L,W,R)=(54.2025pt, 487.82251pt, 72.26999pt)
* v-part:(T,H,B)=(54.2025pt, 686.56499pt, 54.2025pt)
* \paperwidth=614.295pt
* \paperheight=794.96999pt
* \textwidth=487.82251pt
* \textheight=686.56499pt
* \oddsidemargin=-18.06749pt
* \evensidemargin=-18.06749pt
* \topmargin=-55.06749pt
* \headheight=12.0pt
* \headsep=25.0pt
* \topskip=10.0pt
* \footskip=30.0pt
* \marginparwidth=65.0pt
* \marginparsep=11.0pt
* \columnsep=10.0pt
* \skip\footins=9.0pt plus 4.0pt minus 2.0pt
* \hoffset=0.0pt
* \voffset=0.0pt
* \mag=1000
* \@twocolumnfalse
* \@twosidefalse
* \@mparswitchfalse
* \@reversemarginfalse
* (1in=72.27pt=25.4mm, 1cm=28.453pt)

("C:\Program Files (x86)\MiKTeX 2.9\tex\context\base\supp-pdf.mkii"
[Loading MPS to PDF converter (version 2006.09.02).]
\scratchcounter=\count92
\scratchdimen=\dimen114
\scratchbox=\box26
\nofMPsegments=\count93
\nofMParguments=\count94
\everyMPshowfont=\toks18
\MPscratchCnt=\count95
\MPscratchDim=\dimen115
\MPnumerator=\count96
\everyMPtoPDFconversion=\toks19
)
LaTeX Font Info:    External font `cmex10' loaded for size
(Font)              <7> on input line 22.
LaTeX Font Info:    External font `cmex10' loaded for size
(Font)              <5> on input line 22.

Overfull \hbox (15.0pt too wide) in paragraph at lines 22--27
[][] 
 []

<1_4.jpg, id=1, 194.97844pt x 222.07968pt>
File: 1_4.jpg Graphic file (type jpg)
 <use 1_4.jpg>
Package pdftex.def Info: 1_4.jpg used on input line 169.
(pdftex.def)             Requested size: 97.48897pt x 111.03957pt.

Underfull \hbox (badness 10000) in paragraph at lines 43--174

 []


Underfull \hbox (badness 10000) in paragraph at lines 43--174

 []


Underfull \hbox (badness 10000) in paragraph at lines 43--174

 []


Underfull \hbox (badness 10000) in paragraph at lines 43--174

 []


Underfull \hbox (badness 10000) in paragraph at lines 43--174

 []


Underfull \hbox (badness 10000) in paragraph at lines 43--174

 []


Underfull \hbox (badness 10000) in paragraph at lines 43--174

 []


Underfull \hbox (badness 10000) in paragraph at lines 43--174

 []


Underfull \hbox (badness 10000) in paragraph at lines 43--174

 []


Underfull \hbox (badness 10000) in paragraph at lines 43--174

 []


Underfull \hbox (badness 10000) in paragraph at lines 43--174

 []


Underfull \hbox (badness 10000) in paragraph at lines 43--174

 []


Underfull \hbox (badness 10000) in paragraph at lines 43--174

 []


Underfull \hbox (badness 10000) in paragraph at lines 43--174

 []


Underfull \hbox (badness 10000) in paragraph at lines 43--174

 []


Underfull \hbox (badness 10000) in paragraph at lines 43--174

 []


Underfull \hbox (badness 10000) in paragraph at lines 43--174

 []


Underfull \hbox (badness 10000) in paragraph at lines 43--174

 []


Underfull \hbox (badness 10000) in paragraph at lines 43--174

 []


Underfull \hbox (badness 10000) in paragraph at lines 43--174

 []


Underfull \hbox (badness 10000) in paragraph at lines 43--174

 []


Underfull \hbox (badness 10000) in paragraph at lines 43--174

 []


Underfull \hbox (badness 10000) in paragraph at lines 43--174

 []


Underfull \hbox (badness 10000) in paragraph at lines 43--174

 []


Underfull \hbox (badness 10000) in paragraph at lines 43--174

 []


Underfull \hbox (badness 10000) in paragraph at lines 43--174

 []


Underfull \hbox (badness 10000) in paragraph at lines 43--174

 []


Underfull \hbox (badness 10000) in paragraph at lines 43--174

 []


Underfull \hbox (badness 10000) in paragraph at lines 43--174

 []


Underfull \hbox (badness 10000) in paragraph at lines 43--174

 []


Underfull \hbox (badness 10000) in paragraph at lines 43--174

 []


Underfull \hbox (badness 10000) in paragraph at lines 43--174

 []


Underfull \hbox (badness 10000) in paragraph at lines 43--174

 []


Underfull \hbox (badness 10000) in paragraph at lines 43--174

 []


Underfull \hbox (badness 10000) in paragraph at lines 43--174

 []


Underfull \hbox (badness 10000) in paragraph at lines 43--174

 []


Underfull \hbox (badness 10000) in paragraph at lines 43--174

 []


Underfull \hbox (badness 10000) in paragraph at lines 43--174

 []


Underfull \hbox (badness 10000) in paragraph at lines 43--174

 []


Underfull \hbox (badness 10000) in paragraph at lines 43--174

 []


Underfull \hbox (badness 10000) in paragraph at lines 43--174

 []


Underfull \hbox (badness 10000) in paragraph at lines 43--174

 []


Underfull \hbox (badness 10000) in paragraph at lines 43--174

 []

[1

{C:/ProgramData/MiKTeX/2.9/pdftex/config/pdftex.map}] [2] [3 <C:/Users/daddy/Dr
opbox/Princeton Classes/Junior Year/Second Semester/COS340/Midterm 2/1_4.jpg>]
Overfull \hbox (15.0pt too wide) in paragraph at lines 179--184
[][] 
 []


Underfull \hbox (badness 10000) in paragraph at lines 200--253

 []


Underfull \hbox (badness 10000) in paragraph at lines 200--253

 []


Underfull \hbox (badness 10000) in paragraph at lines 200--253

 []


Underfull \hbox (badness 10000) in paragraph at lines 200--253

 []


Underfull \hbox (badness 10000) in paragraph at lines 200--253

 []


Underfull \hbox (badness 10000) in paragraph at lines 200--253

 []


Underfull \hbox (badness 10000) in paragraph at lines 200--253

 []


Underfull \hbox (badness 10000) in paragraph at lines 200--253

 []


Underfull \hbox (badness 10000) in paragraph at lines 200--253

 []


Underfull \hbox (badness 10000) in paragraph at lines 200--253

 []


Underfull \hbox (badness 10000) in paragraph at lines 200--253

 []


Underfull \hbox (badness 10000) in paragraph at lines 200--253

 []


Underfull \hbox (badness 10000) in paragraph at lines 200--253

 []


Underfull \hbox (badness 10000) in paragraph at lines 200--253

 []


Underfull \hbox (badness 10000) in paragraph at lines 200--253

 []


Underfull \hbox (badness 10000) in paragraph at lines 200--253

 []

[4]
Overfull \hbox (15.0pt too wide) in paragraph at lines 257--262
[][] 
 []


Underfull \hbox (badness 10000) in paragraph at lines 278--363

 []


Underfull \hbox (badness 10000) in paragraph at lines 278--363

 []


Underfull \hbox (badness 10000) in paragraph at lines 278--363

 []


Underfull \hbox (badness 10000) in paragraph at lines 278--363

 []


Underfull \hbox (badness 10000) in paragraph at lines 278--363

 []


Underfull \hbox (badness 10000) in paragraph at lines 278--363

 []


Underfull \hbox (badness 10000) in paragraph at lines 278--363

 []


Underfull \hbox (badness 10000) in paragraph at lines 278--363

 []


Underfull \hbox (badness 10000) in paragraph at lines 278--363

 []


Underfull \hbox (badness 10000) in paragraph at lines 278--363

 []


Underfull \hbox (badness 10000) in paragraph at lines 278--363

 []


Underfull \hbox (badness 10000) in paragraph at lines 278--363

 []


Underfull \hbox (badness 10000) in paragraph at lines 278--363

 []


Underfull \hbox (badness 10000) in paragraph at lines 278--363

 []


Underfull \hbox (badness 10000) in paragraph at lines 278--363

 []


Underfull \hbox (badness 10000) in paragraph at lines 278--363

 []


Underfull \hbox (badness 10000) in paragraph at lines 278--363

 []


Underfull \hbox (badness 10000) in paragraph at lines 278--363

 []


Underfull \hbox (badness 10000) in paragraph at lines 278--363

 []


Underfull \hbox (badness 10000) in paragraph at lines 278--363

 []


Underfull \hbox (badness 10000) in paragraph at lines 278--363

 []


Underfull \hbox (badness 10000) in paragraph at lines 278--363

 []


Underfull \hbox (badness 10000) in paragraph at lines 278--363

 []


Underfull \hbox (badness 10000) in paragraph at lines 278--363

 []


Underfull \hbox (badness 10000) in paragraph at lines 278--363

 []


Underfull \hbox (badness 10000) in paragraph at lines 278--363

 []


Overfull \hbox (30.77003pt too wide) in paragraph at lines 278--363
$\OML/cmm/m/it/10 p[] \OT1/cmr/m/n/10 = 1 \OMS/cmsy/m/n/10   \OML/cmm/m/it/10 P
\OT1/cmr/m/n/10 [[]]$\T1/cmr/m/n/10 , and be-cause $\OML/cmm/m/it/10 P\OT1/cmr/
m/n/10 [[]]$
 []


Underfull \hbox (badness 10000) in paragraph at lines 278--363

 []


Underfull \hbox (badness 10000) in paragraph at lines 278--363

 []

[5] [6]
Overfull \hbox (15.0pt too wide) in paragraph at lines 370--375
[][] 
 []


Underfull \hbox (badness 10000) in paragraph at lines 391--439

 []


Underfull \hbox (badness 10000) in paragraph at lines 391--439

 []


Underfull \hbox (badness 10000) in paragraph at lines 391--439

 []


Underfull \hbox (badness 10000) in paragraph at lines 391--439

 []


Underfull \hbox (badness 10000) in paragraph at lines 391--439

 []


Underfull \hbox (badness 10000) in paragraph at lines 391--439

 []


Underfull \hbox (badness 10000) in paragraph at lines 391--439

 []


Underfull \hbox (badness 10000) in paragraph at lines 391--439

 []


Underfull \hbox (badness 10000) in paragraph at lines 391--439

 []


Underfull \hbox (badness 10000) in paragraph at lines 391--439

 []


Underfull \hbox (badness 10000) in paragraph at lines 391--439

 []


Underfull \hbox (badness 10000) in paragraph at lines 391--439

 []


Underfull \hbox (badness 10000) in paragraph at lines 391--439

 []


Underfull \hbox (badness 10000) in paragraph at lines 391--439

 []

[7] [8]
("C:\Users\daddy\Dropbox\Princeton Classes\Junior Year\Second Semester\COS340\M
idterm 2\Midterm_2.aux") ) 
Here is how much of TeX's memory you used:
 2161 strings out of 494049
 28561 string characters out of 3146065
 105826 words of memory out of 3000000
 5457 multiletter control sequences out of 15000+200000
 8262 words of font info for 20 fonts, out of 3000000 for 9000
 715 hyphenation exceptions out of 8191
 27i,6n,19p,2498b,138s stack positions out of 5000i,500n,10000p,200000b,50000s
{C:/Program Files (x86)/MiKTeX 2.9/fonts/enc/dvips/cm
-super/cm-super-t1.enc}<C:/Program Files (x86)/MiKTeX 2.9/fonts/type1/public/am
sfonts/cm/cmex10.pfb><C:/Program Files (x86)/MiKTeX 2.9/fonts/type1/public/amsf
onts/cm/cmmi10.pfb><C:/Program Files (x86)/MiKTeX 2.9/fonts/type1/public/amsfon
ts/cm/cmmi5.pfb><C:/Program Files (x86)/MiKTeX 2.9/fonts/type1/public/amsfonts/
cm/cmmi7.pfb><C:/Program Files (x86)/MiKTeX 2.9/fonts/type1/public/amsfonts/cm/
cmr10.pfb><C:/Program Files (x86)/MiKTeX 2.9/fonts/type1/public/amsfonts/cm/cmr
5.pfb><C:/Program Files (x86)/MiKTeX 2.9/fonts/type1/public/amsfonts/cm/cmr7.pf
b><C:/Program Files (x86)/MiKTeX 2.9/fonts/type1/public/amsfonts/cm/cmsy10.pfb>
<C:/Program Files (x86)/MiKTeX 2.9/fonts/type1/public/amsfonts/cm/cmsy5.pfb><C:
/Program Files (x86)/MiKTeX 2.9/fonts/type1/public/amsfonts/cm/cmsy7.pfb><C:/Pr
ogram Files (x86)/MiKTeX 2.9/fonts/type1/public/cm-super/sfbx1000.pfb><C:/Progr
am Files (x86)/MiKTeX 2.9/fonts/type1/public/cm-super/sfbx1200.pfb><C:/Program 
Files (x86)/MiKTeX 2.9/fonts/type1/public/cm-super/sfbx1440.pfb><C:/Program Fil
es (x86)/MiKTeX 2.9/fonts/type1/public/cm-super/sfrm1000.pfb>
Output written on Midterm_2.pdf (8 pages, 221784 bytes).
PDF statistics:
 87 PDF objects out of 1000 (max. 8388607)
 0 named destinations out of 1000 (max. 500000)
 6 words of extra memory for PDF output out of 10000 (max. 10000000)

