This is pdfTeX, Version 3.1415926-2.3-1.40.12 (MiKTeX 2.9) (preloaded format=pdflatex 2012.2.12)  2 MAR 2012 06:27
entering extended mode
**C:/Users/daddy/Dropbox/Princeton*Classes/Junior*Year/Second*Semester/COS340/A
ssignment*3/Assignment_3.tex

("C:/Users/daddy/Dropbox/Princeton Classes/Junior Year/Second Semester/COS340/A
ssignment 3/Assignment_3.tex"
LaTeX2e <2009/09/24>
Babel <v3.8l> and hyphenation patterns for english, afrikaans, ancientgreek, ar
abic, armenian, assamese, basque, bengali, bokmal, bulgarian, catalan, coptic, 
croatian, czech, danish, dutch, esperanto, estonian, farsi, finnish, french, ga
lician, german, german-x-2009-06-19, greek, gujarati, hindi, hungarian, iceland
ic, indonesian, interlingua, irish, italian, kannada, kurmanji, lao, latin, lat
vian, lithuanian, malayalam, marathi, mongolian, mongolianlmc, monogreek, ngerm
an, ngerman-x-2009-06-19, nynorsk, oriya, panjabi, pinyin, polish, portuguese, 
romanian, russian, sanskrit, serbian, slovak, slovenian, spanish, swedish, swis
sgerman, tamil, telugu, turkish, turkmen, ukenglish, ukrainian, uppersorbian, u
senglishmax, welsh, loaded.
("C:\Program Files (x86)\MiKTeX 2.9\tex\latex\base\article.cls"
Document Class: article 2007/10/19 v1.4h Standard LaTeX document class
("C:\Program Files (x86)\MiKTeX 2.9\tex\latex\base\size12.clo"
File: size12.clo 2007/10/19 v1.4h Standard LaTeX file (size option)
)
\c@part=\count79
\c@section=\count80
\c@subsection=\count81
\c@subsubsection=\count82
\c@paragraph=\count83
\c@subparagraph=\count84
\c@figure=\count85
\c@table=\count86
\abovecaptionskip=\skip41
\belowcaptionskip=\skip42
\bibindent=\dimen102
)
("C:\Program Files (x86)\MiKTeX 2.9\tex\latex\ulem\ulem.sty"
\UL@box=\box26
\UL@hyphenbox=\box27
\UL@skip=\skip43
\UL@hook=\toks14
\UL@height=\dimen103
\UL@pe=\count87
\UL@pixel=\dimen104
\ULC@box=\box28
Package: ulem 2011/03/18
\ULdepth=\dimen105
)
("C:\Program Files (x86)\MiKTeX 2.9\tex\latex\cancel\cancel.sty"
Package: cancel 2000/03/12 v2.1 Cancel math terms
)
("C:\Users\daddy\Dropbox\Princeton Classes\Junior Year\Second Semester\COS340\A
ssignment 3\Assignment_3.aux")
LaTeX Font Info:    Checking defaults for OML/cmm/m/it on input line 81.
LaTeX Font Info:    ... okay on input line 81.
LaTeX Font Info:    Checking defaults for T1/cmr/m/n on input line 81.
LaTeX Font Info:    ... okay on input line 81.
LaTeX Font Info:    Checking defaults for OT1/cmr/m/n on input line 81.
LaTeX Font Info:    ... okay on input line 81.
LaTeX Font Info:    Checking defaults for OMS/cmsy/m/n on input line 81.
LaTeX Font Info:    ... okay on input line 81.
LaTeX Font Info:    Checking defaults for OMX/cmex/m/n on input line 81.
LaTeX Font Info:    ... okay on input line 81.
LaTeX Font Info:    Checking defaults for U/cmr/m/n on input line 81.
LaTeX Font Info:    ... okay on input line 81.
LaTeX Font Info:    External font `cmex10' loaded for size
(Font)              <12> on input line 93.
LaTeX Font Info:    External font `cmex10' loaded for size
(Font)              <8> on input line 93.
LaTeX Font Info:    External font `cmex10' loaded for size
(Font)              <6> on input line 93.

Underfull \hbox (badness 10000) in paragraph at lines 93--119

 []


Underfull \hbox (badness 10000) in paragraph at lines 93--119

 []


Underfull \hbox (badness 10000) in paragraph at lines 93--119

 []


Underfull \hbox (badness 10000) in paragraph at lines 93--119

 []


Underfull \hbox (badness 10000) in paragraph at lines 93--119

 []

[1

{C:/ProgramData/MiKTeX/2.9/pdftex/config/pdftex.map}]
Underfull \hbox (badness 10000) in paragraph at lines 134--230

 []


Underfull \hbox (badness 10000) in paragraph at lines 134--230

 []


Underfull \hbox (badness 10000) in paragraph at lines 134--230

 []


Underfull \hbox (badness 10000) in paragraph at lines 134--230

 []


Underfull \hbox (badness 10000) in paragraph at lines 134--230

 []


Underfull \hbox (badness 10000) in paragraph at lines 134--230

 []


Underfull \hbox (badness 10000) in paragraph at lines 134--230

 []


Underfull \hbox (badness 10000) in paragraph at lines 134--230

 []


Underfull \hbox (badness 10000) in paragraph at lines 134--230

 []


Underfull \hbox (badness 10000) in paragraph at lines 134--230

 []


Underfull \hbox (badness 10000) in paragraph at lines 134--230

 []


Underfull \hbox (badness 10000) in paragraph at lines 134--230

 []


Underfull \hbox (badness 10000) in paragraph at lines 134--230

 []


Underfull \hbox (badness 10000) in paragraph at lines 134--230

 []


Underfull \hbox (badness 10000) in paragraph at lines 134--230

 []

[2] [3]
Underfull \hbox (badness 10000) in paragraph at lines 247--290

 []


Underfull \hbox (badness 10000) in paragraph at lines 247--290

 []


Underfull \hbox (badness 10000) in paragraph at lines 247--290

 []


Underfull \hbox (badness 10000) in paragraph at lines 247--290

 []


Underfull \hbox (badness 10000) in paragraph at lines 247--290

 []


Underfull \hbox (badness 10000) in paragraph at lines 247--290

 []


Underfull \hbox (badness 10000) in paragraph at lines 247--290

 []


Underfull \hbox (badness 10000) in paragraph at lines 247--290

 []


Underfull \hbox (badness 10000) in paragraph at lines 247--290

 []


Underfull \hbox (badness 10000) in paragraph at lines 247--290

 []


Underfull \hbox (badness 10000) in paragraph at lines 247--290

 []


Underfull \hbox (badness 10000) in paragraph at lines 247--290

 []


Underfull \hbox (badness 10000) in paragraph at lines 247--290

 []

[4]
Underfull \hbox (badness 10000) in paragraph at lines 306--368

 []


Underfull \hbox (badness 10000) in paragraph at lines 306--368

 []


Underfull \hbox (badness 10000) in paragraph at lines 306--368

 []


Underfull \hbox (badness 10000) in paragraph at lines 306--368

 []


Underfull \hbox (badness 10000) in paragraph at lines 306--368

 []


Underfull \hbox (badness 10000) in paragraph at lines 306--368

 []


Underfull \hbox (badness 10000) in paragraph at lines 306--368

 []


Underfull \hbox (badness 10000) in paragraph at lines 306--368

 []


Underfull \hbox (badness 10000) in paragraph at lines 306--368

 []


Underfull \hbox (badness 10000) in paragraph at lines 306--368

 []


Underfull \hbox (badness 10000) in paragraph at lines 306--368

 []


Underfull \hbox (badness 10000) in paragraph at lines 306--368

 []


Underfull \hbox (badness 10000) in paragraph at lines 306--368

 []


Underfull \hbox (badness 10000) in paragraph at lines 306--368

 []


Underfull \hbox (badness 10000) in paragraph at lines 306--368

 []


Underfull \hbox (badness 10000) in paragraph at lines 306--368

 []

[5] [6]
("C:\Users\daddy\Dropbox\Princeton Classes\Junior Year\Second Semester\COS340\A
ssignment 3\Assignment_3.aux") ) 
Here is how much of TeX's memory you used:
 355 strings out of 494049
 4427 string characters out of 3146065
 63385 words of memory out of 3000000
 3709 multiletter control sequences out of 15000+200000
 7741 words of font info for 28 fonts, out of 3000000 for 9000
 715 hyphenation exceptions out of 8191
 22i,13n,19p,655b,127s stack positions out of 5000i,500n,10000p,200000b,50000s
<C:/Program Files (x86)/MiKTeX 2.9/fonts/type1/
public/amsfonts/cm/cmbx12.pfb><C:/Program Files (x86)/MiKTeX 2.9/fonts/type1/pu
blic/amsfonts/cm/cmex10.pfb><C:/Program Files (x86)/MiKTeX 2.9/fonts/type1/publ
ic/amsfonts/cm/cmmi12.pfb><C:/Program Files (x86)/MiKTeX 2.9/fonts/type1/public
/amsfonts/cm/cmmi6.pfb><C:/Program Files (x86)/MiKTeX 2.9/fonts/type1/public/am
sfonts/cm/cmmi8.pfb><C:/Program Files (x86)/MiKTeX 2.9/fonts/type1/public/amsfo
nts/cm/cmr12.pfb><C:/Program Files (x86)/MiKTeX 2.9/fonts/type1/public/amsfonts
/cm/cmr6.pfb><C:/Program Files (x86)/MiKTeX 2.9/fonts/type1/public/amsfonts/cm/
cmr8.pfb><C:/Program Files (x86)/MiKTeX 2.9/fonts/type1/public/amsfonts/cm/cmsy
10.pfb><C:/Program Files (x86)/MiKTeX 2.9/fonts/type1/public/amsfonts/cm/cmsy6.
pfb><C:/Program Files (x86)/MiKTeX 2.9/fonts/type1/public/amsfonts/cm/cmsy8.pfb
><C:/Program Files (x86)/MiKTeX 2.9/fonts/type1/public/amsfonts/cm/cmti12.pfb><
C:/Program Files (x86)/MiKTeX 2.9/fonts/type1/public/amsfonts/latxfont/line10.p
fb>
Output written on Assignment_3.pdf (6 pages, 155677 bytes).
PDF statistics:
 73 PDF objects out of 1000 (max. 8388607)
 0 named destinations out of 1000 (max. 500000)
 1 words of extra memory for PDF output out of 10000 (max. 10000000)

