This is pdfTeX, Version 3.1415926-2.3-1.40.12 (MiKTeX 2.9) (preloaded format=pdflatex 2012.2.12)  15 FEB 2012 12:01
entering extended mode
**C:/Users/daddy/Dropbox/Princeton*Classes/Junior*Year/Second*Semester/COS340/G
ood*Assignment*1/assignment_1.tex

("C:/Users/daddy/Dropbox/Princeton Classes/Junior Year/Second Semester/COS340/G
ood Assignment 1/assignment_1.tex"
LaTeX2e <2009/09/24>
Babel <v3.8l> and hyphenation patterns for english, afrikaans, ancientgreek, ar
abic, armenian, assamese, basque, bengali, bokmal, bulgarian, catalan, coptic, 
croatian, czech, danish, dutch, esperanto, estonian, farsi, finnish, french, ga
lician, german, german-x-2009-06-19, greek, gujarati, hindi, hungarian, iceland
ic, indonesian, interlingua, irish, italian, kannada, kurmanji, lao, latin, lat
vian, lithuanian, malayalam, marathi, mongolian, mongolianlmc, monogreek, ngerm
an, ngerman-x-2009-06-19, nynorsk, oriya, panjabi, pinyin, polish, portuguese, 
romanian, russian, sanskrit, serbian, slovak, slovenian, spanish, swedish, swis
sgerman, tamil, telugu, turkish, turkmen, ukenglish, ukrainian, uppersorbian, u
senglishmax, welsh, loaded.
("C:\Program Files (x86)\MiKTeX 2.9\tex\latex\base\article.cls"
Document Class: article 2007/10/19 v1.4h Standard LaTeX document class
("C:\Program Files (x86)\MiKTeX 2.9\tex\latex\base\size12.clo"
File: size12.clo 2007/10/19 v1.4h Standard LaTeX file (size option)
)
\c@part=\count79
\c@section=\count80
\c@subsection=\count81
\c@subsubsection=\count82
\c@paragraph=\count83
\c@subparagraph=\count84
\c@figure=\count85
\c@table=\count86
\abovecaptionskip=\skip41
\belowcaptionskip=\skip42
\bibindent=\dimen102
)
("C:\Program Files (x86)\MiKTeX 2.9\tex\latex\slashbox\slashbox.sty"
slashbox style by K.Yasuoka, May 1993.
\@slashboxa=\box26
\@slashboxb=\box27
\@slashboxc=\box28
\@slashboxwd=\count87
\@slashboxht=\count88
\@slashsepl=\dimen103
\@slashsepr=\dimen104
)
("C:\Users\daddy\Dropbox\Princeton Classes\Junior Year\Second Semester\COS340\G
ood Assignment 1\assignment_1.aux")
LaTeX Font Info:    Checking defaults for OML/cmm/m/it on input line 78.
LaTeX Font Info:    ... okay on input line 78.
LaTeX Font Info:    Checking defaults for T1/cmr/m/n on input line 78.
LaTeX Font Info:    ... okay on input line 78.
LaTeX Font Info:    Checking defaults for OT1/cmr/m/n on input line 78.
LaTeX Font Info:    ... okay on input line 78.
LaTeX Font Info:    Checking defaults for OMS/cmsy/m/n on input line 78.
LaTeX Font Info:    ... okay on input line 78.
LaTeX Font Info:    Checking defaults for OMX/cmex/m/n on input line 78.
LaTeX Font Info:    ... okay on input line 78.
LaTeX Font Info:    Checking defaults for U/cmr/m/n on input line 78.
LaTeX Font Info:    ... okay on input line 78.
LaTeX Font Info:    External font `cmex10' loaded for size
(Font)              <12> on input line 90.
LaTeX Font Info:    External font `cmex10' loaded for size
(Font)              <8> on input line 90.
LaTeX Font Info:    External font `cmex10' loaded for size
(Font)              <6> on input line 90.

Underfull \hbox (badness 10000) in paragraph at lines 90--107

 []


Underfull \hbox (badness 10000) in paragraph at lines 90--107

 []

[1

{C:/ProgramData/MiKTeX/2.9/pdftex/config/pdftex.map}]
Underfull \hbox (badness 10000) in paragraph at lines 114--124

 []

[2]
Underfull \hbox (badness 10000) in paragraph at lines 131--198

 []


Underfull \hbox (badness 10000) in paragraph at lines 131--198

 []


Underfull \hbox (badness 10000) in paragraph at lines 131--198

 []


Underfull \hbox (badness 10000) in paragraph at lines 131--198

 []


Underfull \hbox (badness 10000) in paragraph at lines 131--198

 []


Underfull \hbox (badness 10000) in paragraph at lines 131--198

 []


Underfull \hbox (badness 10000) in paragraph at lines 131--198

 []


Underfull \hbox (badness 10000) in paragraph at lines 131--198

 []


Underfull \hbox (badness 10000) in paragraph at lines 131--198

 []


Underfull \hbox (badness 10000) in paragraph at lines 131--198

 []


Underfull \hbox (badness 10000) in paragraph at lines 131--198

 []


Underfull \hbox (badness 10000) in paragraph at lines 131--198

 []


Underfull \hbox (badness 10000) in paragraph at lines 131--198

 []

[3] [4]
LaTeX Font Info:    External font `cmex10' loaded for size
(Font)              <17.28> on input line 208.

Underfull \hbox (badness 10000) in paragraph at lines 231--240

 []

[5]
Underfull \hbox (badness 10000) in paragraph at lines 251--268

 []


Underfull \hbox (badness 10000) in paragraph at lines 284--294

 []


Underfull \hbox (badness 10000) in paragraph at lines 284--294

 []

[6]
Underfull \hbox (badness 10000) in paragraph at lines 295--310

 []


Underfull \hbox (badness 10000) in paragraph at lines 295--310

 []

[7]
("C:\Users\daddy\Dropbox\Princeton Classes\Junior Year\Second Semester\COS340\G
ood Assignment 1\assignment_1.aux") ) 
Here is how much of TeX's memory you used:
 271 strings out of 494049
 3720 string characters out of 3146065
 59862 words of memory out of 3000000
 3629 multiletter control sequences out of 15000+200000
 8856 words of font info for 31 fonts, out of 3000000 for 9000
 715 hyphenation exceptions out of 8191
 22i,12n,19p,528b,192s stack positions out of 5000i,500n,10000p,200000b,50000s
<C:/Program Files (x86)/MiKTeX 2.9/fonts/t
ype1/public/amsfonts/cm/cmbx12.pfb><C:/Program Files (x86)/MiKTeX 2.9/fonts/typ
e1/public/amsfonts/cm/cmex10.pfb><C:/Program Files (x86)/MiKTeX 2.9/fonts/type1
/public/amsfonts/cm/cmmi12.pfb><C:/Program Files (x86)/MiKTeX 2.9/fonts/type1/p
ublic/amsfonts/cm/cmmi6.pfb><C:/Program Files (x86)/MiKTeX 2.9/fonts/type1/publ
ic/amsfonts/cm/cmmi8.pfb><C:/Program Files (x86)/MiKTeX 2.9/fonts/type1/public/
amsfonts/cm/cmr10.pfb><C:/Program Files (x86)/MiKTeX 2.9/fonts/type1/public/ams
fonts/cm/cmr12.pfb><C:/Program Files (x86)/MiKTeX 2.9/fonts/type1/public/amsfon
ts/cm/cmr17.pfb><C:/Program Files (x86)/MiKTeX 2.9/fonts/type1/public/amsfonts/
cm/cmr6.pfb><C:/Program Files (x86)/MiKTeX 2.9/fonts/type1/public/amsfonts/cm/c
mr8.pfb><C:/Program Files (x86)/MiKTeX 2.9/fonts/type1/public/amsfonts/cm/cmsy1
0.pfb><C:/Program Files (x86)/MiKTeX 2.9/fonts/type1/public/amsfonts/cm/cmsy8.p
fb><C:/Program Files (x86)/MiKTeX 2.9/fonts/type1/public/amsfonts/cm/cmti12.pfb
><C:/Program Files (x86)/MiKTeX 2.9/fonts/type1/public/amsfonts/latxfont/line10
.pfb>
Output written on assignment_1.pdf (7 pages, 166035 bytes).
PDF statistics:
 82 PDF objects out of 1000 (max. 8388607)
 0 named destinations out of 1000 (max. 500000)
 1 words of extra memory for PDF output out of 10000 (max. 10000000)

